.\Debug\miro.pdb
C:\Users\QATEAM-3\Desktop\miro\.\Debug\miro.exe
C:\Users\QATEAM-3\Desktop\miro\.\Debug\miro.exe.intermediate.manifest
C:\Users\QATEAM-3\Desktop\miro\Debug\CL.11704.read.1.tlog
C:\Users\QATEAM-3\Desktop\miro\Debug\CL.11704.write.1.tlog
C:\Users\QATEAM-3\Desktop\miro\Debug\CL.15960.read.1.tlog
C:\Users\QATEAM-3\Desktop\miro\Debug\CL.15960.write.1.tlog
C:\Users\QATEAM-3\Desktop\miro\Debug\CL.4580.read.1.tlog
C:\Users\QATEAM-3\Desktop\miro\Debug\CL.4580.write.1.tlog
C:\Users\QATEAM-3\Desktop\miro\Debug\CL.7428.read.1.tlog
C:\Users\QATEAM-3\Desktop\miro\Debug\CL.7428.write.1.tlog
C:\Users\QATEAM-3\Desktop\miro\Debug\CL.9664.read.1.tlog
C:\Users\QATEAM-3\Desktop\miro\Debug\CL.9664.write.1.tlog
C:\Users\QATEAM-3\Desktop\miro\Debug\cl.command.1.tlog
C:\Users\QATEAM-3\Desktop\miro\Debug\CL.read.1.tlog
C:\Users\QATEAM-3\Desktop\miro\Debug\cl.write.1.tlog
C:\Users\QATEAM-3\Desktop\miro\Debug\link.16704.2564.read.1.tlog
C:\Users\QATEAM-3\Desktop\miro\Debug\link.16704.2564.write.1.tlog
C:\Users\QATEAM-3\Desktop\miro\Debug\link.16704.read.1.tlog
C:\Users\QATEAM-3\Desktop\miro\Debug\link.16704.write.1.tlog
C:\Users\QATEAM-3\Desktop\miro\Debug\link.command.1.tlog
C:\Users\QATEAM-3\Desktop\miro\Debug\link.read.1.tlog
C:\Users\QATEAM-3\Desktop\miro\Debug\link-cl.read.1.tlog
C:\Users\QATEAM-3\Desktop\miro\Debug\link-cl.write.1.tlog
C:\USERS\QATEAM-3\DESKTOP\MIRO\DEBUG\MIRO.EXE
C:\USERS\QATEAM-3\DESKTOP\MIRO\DEBUG\MIRO.EXE.INTERMEDIATE.MANIFEST
C:\Users\QATEAM-3\Desktop\miro\Debug\miro.exp
C:\Users\QATEAM-3\Desktop\miro\Debug\miro.lib
C:\USERS\QATEAM-3\DESKTOP\MIRO\DEBUG\MIRO.PDB
C:\Users\QATEAM-3\Desktop\miro\Debug\miro.write.1.tlog
C:\Users\QATEAM-3\Desktop\miro\Debug\miro_fun.obj
C:\Users\QATEAM-3\Desktop\miro\Debug\miro_fun2.obj
C:\Users\QATEAM-3\Desktop\miro\Debug\mt.command.1.tlog
C:\Users\QATEAM-3\Desktop\miro\Debug\mt.read.1.tlog
C:\Users\QATEAM-3\Desktop\miro\Debug\mt.write.1.tlog
C:\Users\QATEAM-3\Desktop\miro\Debug\Q_S.obj
C:\Users\QATEAM-3\Desktop\miro\Debug\QS_fun.obj
C:\Users\QATEAM-3\Desktop\miro\Debug\vc100.idb
C:\USERS\QATEAM-3\DESKTOP\MIRO\DEBUG\VC100.PDB
